INFO [2023-02-19 09:21:30] [[1]]
INFO [2023-02-19 09:21:30] list(Person = Person, Items = Items)
INFO [2023-02-19 09:21:30] 
INFO [2023-02-19 09:21:30] $fill
INFO [2023-02-19 09:21:30] c("orange", "blue")
INFO [2023-02-19 09:21:30] 
INFO [2023-02-19 09:21:30] $label
INFO [2023-02-19 09:21:30] [1] TRUE
INFO [2023-02-19 09:21:30] 
INFO [2023-02-19 09:21:30] $alpha
INFO [2023-02-19 09:21:30] c(0.5, 0.5)
INFO [2023-02-19 09:21:30] 
INFO [2023-02-19 09:21:30] $cat.cex
INFO [2023-02-19 09:21:30] [1] 1.5
INFO [2023-02-19 09:21:30] 
INFO [2023-02-19 09:21:30] $cex
INFO [2023-02-19 09:21:30] [1] 1.5
INFO [2023-02-19 09:21:30] 
INFO [2023-02-19 09:21:30] $filename
INFO [2023-02-19 09:21:30] NULL
INFO [2023-02-19 09:21:30] 
