INFO [2023-02-19 09:21:47] [[1]]
INFO [2023-02-19 09:21:47] list(Person = Person, Items = Items)
INFO [2023-02-19 09:21:47] 
INFO [2023-02-19 09:21:47] $fill
INFO [2023-02-19 09:21:47] c("orange", "blue")
INFO [2023-02-19 09:21:47] 
INFO [2023-02-19 09:21:47] $label
INFO [2023-02-19 09:21:47] [1] TRUE
INFO [2023-02-19 09:21:47] 
INFO [2023-02-19 09:21:47] $alpha
INFO [2023-02-19 09:21:47] c(0.5, 0.5)
INFO [2023-02-19 09:21:47] 
INFO [2023-02-19 09:21:47] $cat.cex
INFO [2023-02-19 09:21:47] [1] 1.5
INFO [2023-02-19 09:21:47] 
INFO [2023-02-19 09:21:47] $cex
INFO [2023-02-19 09:21:47] [1] 1.5
INFO [2023-02-19 09:21:47] 
INFO [2023-02-19 09:21:47] $filename
INFO [2023-02-19 09:21:47] NULL
INFO [2023-02-19 09:21:47] 
