INFO [2023-02-19 09:21:42] [[1]]
INFO [2023-02-19 09:21:42] list(Person = Person, Items = Items)
INFO [2023-02-19 09:21:42] 
INFO [2023-02-19 09:21:42] $fill
INFO [2023-02-19 09:21:42] c("orange", "blue")
INFO [2023-02-19 09:21:42] 
INFO [2023-02-19 09:21:42] $label
INFO [2023-02-19 09:21:42] [1] TRUE
INFO [2023-02-19 09:21:42] 
INFO [2023-02-19 09:21:42] $alpha
INFO [2023-02-19 09:21:42] c(0.5, 0.5)
INFO [2023-02-19 09:21:42] 
INFO [2023-02-19 09:21:42] $cat.cex
INFO [2023-02-19 09:21:42] [1] 1.5
INFO [2023-02-19 09:21:42] 
INFO [2023-02-19 09:21:42] $cex
INFO [2023-02-19 09:21:42] [1] 1.5
INFO [2023-02-19 09:21:42] 
INFO [2023-02-19 09:21:42] $filename
INFO [2023-02-19 09:21:42] NULL
INFO [2023-02-19 09:21:42] 
